{"timestamp":"2025-12-31T10:15:47.669899Z","level":"info","event":"DAG bundles loaded: dags-folder, example_dags","logger":"airflow.dag_processing.bundles.manager.DagBundlesManager","filename":"manager.py","lineno":179}
{"timestamp":"2025-12-31T10:15:47.671650Z","level":"info","event":"Filling up the DagBag from /opt/airflow/dags/our_first_dag.py","logger":"airflow.models.dagbag.DagBag","filename":"dagbag.py","lineno":593}
{"timestamp":"2025-12-31T10:15:47.699778Z","level":"warning","event":"The `airflow.operators.python.PythonOperator` attribute is deprecated. Please use `'airflow.providers.standard.operators.python.PythonOperator'`.","category":"DeprecatedImportWarning","filename":"/opt/airflow/dags/our_first_dag.py","lineno":3,"logger":"py.warnings"}
{"timestamp":"2025-12-31T10:15:47.724785Z","level":"info","event":"Task instance is in running state","logger":"task.stdout"}
{"timestamp":"2025-12-31T10:15:47.725421Z","level":"info","event":" Previous state of the Task instance: TaskInstanceState.QUEUED","logger":"task.stdout"}
{"timestamp":"2025-12-31T10:15:47.725942Z","level":"info","event":"Current task name:load_fact_sales","logger":"task.stdout"}
{"timestamp":"2025-12-31T10:15:47.726385Z","level":"info","event":"Dag name:adventureworks_full_etl_v3","logger":"task.stdout"}
{"timestamp":"2025-12-31T10:15:47.804935Z","level":"info","event":"FACT SALES LOAD FAILED: column dd.fulldate does not exist","logger":"task.stdout"}
{"timestamp":"2025-12-31T10:15:47.805855Z","level":"info","event":"LINE 21:                     ON s.orderdate::date = dd.fulldate","logger":"task.stdout"}
{"timestamp":"2025-12-31T10:15:47.806532Z","level":"info","event":"                                                    ^","logger":"task.stdout"}
{"timestamp":"2025-12-31T10:15:47.807275Z","level":"info","event":"HINT:  Perhaps you meant to reference the column \"dd.full_date\".","logger":"task.stdout"}
{"timestamp":"2025-12-31T10:15:47.807988Z","level":"info","event":"","logger":"task.stdout"}
{"timestamp":"2025-12-31T10:15:47.805246Z","level":"error","event":"Task failed with exception","logger":"task","filename":"task_runner.py","lineno":1008,"error_detail":[{"exc_type":"UndefinedColumn","exc_value":"column dd.fulldate does not exist\nLINE 21:                     ON s.orderdate::date = dd.fulldate\n                                                    ^\nHINT:  Perhaps you meant to reference the column \"dd.full_date\".\n","exc_notes":[],"syntax_error":null,"is_cause":false,"frames":[{"filename":"/home/airflow/.local/lib/python3.12/site-packages/airflow/sdk/execution_time/task_runner.py","lineno":934,"name":"run"},{"filename":"/home/airflow/.local/lib/python3.12/site-packages/airflow/sdk/execution_time/task_runner.py","lineno":1325,"name":"_execute_task"},{"filename":"/home/airflow/.local/lib/python3.12/site-packages/airflow/sdk/bases/operator.py","lineno":417,"name":"wrapper"},{"filename":"/home/airflow/.local/lib/python3.12/site-packages/airflow/providers/standard/operators/python.py","lineno":215,"name":"execute"},{"filename":"/home/airflow/.local/lib/python3.12/site-packages/airflow/providers/standard/operators/python.py","lineno":238,"name":"execute_callable"},{"filename":"/home/airflow/.local/lib/python3.12/site-packages/airflow/sdk/execution_time/callback_runner.py","lineno":82,"name":"run"},{"filename":"/opt/airflow/dags/our_first_dag.py","lineno":320,"name":"load_fact_sales"}],"is_group":false,"exceptions":[]}]}
{"timestamp":"2025-12-31T10:15:47.833544Z","level":"info","event":"Task instance in failure state","logger":"task.stdout"}
{"timestamp":"2025-12-31T10:15:47.834558Z","level":"info","event":"Task start","logger":"task.stdout"}
{"timestamp":"2025-12-31T10:15:47.835338Z","level":"info","event":"Task:<Task(PythonOperator): load_fact_sales>","logger":"task.stdout"}
{"timestamp":"2025-12-31T10:15:47.836025Z","level":"info","event":"Failure caused by column dd.fulldate does not exist","logger":"task.stdout"}
{"timestamp":"2025-12-31T10:15:47.836828Z","level":"info","event":"LINE 21:                     ON s.orderdate::date = dd.fulldate","logger":"task.stdout"}
{"timestamp":"2025-12-31T10:15:47.837674Z","level":"info","event":"                                                    ^","logger":"task.stdout"}
{"timestamp":"2025-12-31T10:15:47.838513Z","level":"info","event":"HINT:  Perhaps you meant to reference the column \"dd.full_date\".","logger":"task.stdout"}
{"timestamp":"2025-12-31T10:15:47.839381Z","level":"info","event":"","logger":"task.stdout"}
