{"timestamp":"2025-12-31T11:14:41.690925Z","level":"info","event":"DAG bundles loaded: dags-folder, example_dags","logger":"airflow.dag_processing.bundles.manager.DagBundlesManager","filename":"manager.py","lineno":179}
{"timestamp":"2025-12-31T11:14:41.693250Z","level":"info","event":"Filling up the DagBag from /opt/airflow/dags/our_first_dag.py","logger":"airflow.models.dagbag.DagBag","filename":"dagbag.py","lineno":593}
{"timestamp":"2025-12-31T11:14:41.717758Z","level":"warning","event":"The `airflow.operators.python.PythonOperator` attribute is deprecated. Please use `'airflow.providers.standard.operators.python.PythonOperator'`.","category":"DeprecatedImportWarning","filename":"/opt/airflow/dags/our_first_dag.py","lineno":3,"logger":"py.warnings"}
{"timestamp":"2025-12-31T11:14:41.813919Z","level":"info","event":"Task instance is in running state","logger":"task.stdout"}
{"timestamp":"2025-12-31T11:14:41.814597Z","level":"info","event":" Previous state of the Task instance: TaskInstanceState.QUEUED","logger":"task.stdout"}
{"timestamp":"2025-12-31T11:14:41.815178Z","level":"info","event":"Current task name:load_fact_sales","logger":"task.stdout"}
{"timestamp":"2025-12-31T11:14:41.815832Z","level":"info","event":"Dag name:adventureworks_full_etl_v3","logger":"task.stdout"}
{"timestamp":"2025-12-31T11:14:42.158259Z","level":"info","event":"FACT SALES LOAD FAILED: column dd.fulldate does not exist","logger":"task.stdout"}
{"timestamp":"2025-12-31T11:14:42.159327Z","level":"info","event":"LINE 21:                     ON s.orderdate::date = dd.fulldate","logger":"task.stdout"}
{"timestamp":"2025-12-31T11:14:42.160090Z","level":"info","event":"                                                    ^","logger":"task.stdout"}
{"timestamp":"2025-12-31T11:14:42.160934Z","level":"info","event":"HINT:  Perhaps you meant to reference the column \"dd.full_date\".","logger":"task.stdout"}
{"timestamp":"2025-12-31T11:14:42.161754Z","level":"info","event":"","logger":"task.stdout"}
{"timestamp":"2025-12-31T11:14:42.158488Z","level":"error","event":"Task failed with exception","logger":"task","filename":"task_runner.py","lineno":1008,"error_detail":[{"exc_type":"UndefinedColumn","exc_value":"column dd.fulldate does not exist\nLINE 21:                     ON s.orderdate::date = dd.fulldate\n                                                    ^\nHINT:  Perhaps you meant to reference the column \"dd.full_date\".\n","exc_notes":[],"syntax_error":null,"is_cause":false,"frames":[{"filename":"/home/airflow/.local/lib/python3.12/site-packages/airflow/sdk/execution_time/task_runner.py","lineno":934,"name":"run"},{"filename":"/home/airflow/.local/lib/python3.12/site-packages/airflow/sdk/execution_time/task_runner.py","lineno":1325,"name":"_execute_task"},{"filename":"/home/airflow/.local/lib/python3.12/site-packages/airflow/sdk/bases/operator.py","lineno":417,"name":"wrapper"},{"filename":"/home/airflow/.local/lib/python3.12/site-packages/airflow/providers/standard/operators/python.py","lineno":215,"name":"execute"},{"filename":"/home/airflow/.local/lib/python3.12/site-packages/airflow/providers/standard/operators/python.py","lineno":238,"name":"execute_callable"},{"filename":"/home/airflow/.local/lib/python3.12/site-packages/airflow/sdk/execution_time/callback_runner.py","lineno":82,"name":"run"},{"filename":"/opt/airflow/dags/our_first_dag.py","lineno":320,"name":"load_fact_sales"}],"is_group":false,"exceptions":[]}]}
{"timestamp":"2025-12-31T11:14:42.164247Z","level":"info","event":"Task instance in failure state","logger":"task.stdout"}
{"timestamp":"2025-12-31T11:14:42.164964Z","level":"info","event":"Task start","logger":"task.stdout"}
{"timestamp":"2025-12-31T11:14:42.165544Z","level":"info","event":"Task:<Task(PythonOperator): load_fact_sales>","logger":"task.stdout"}
{"timestamp":"2025-12-31T11:14:42.166064Z","level":"info","event":"Failure caused by column dd.fulldate does not exist","logger":"task.stdout"}
{"timestamp":"2025-12-31T11:14:42.166458Z","level":"info","event":"LINE 21:                     ON s.orderdate::date = dd.fulldate","logger":"task.stdout"}
{"timestamp":"2025-12-31T11:14:42.166981Z","level":"info","event":"                                                    ^","logger":"task.stdout"}
{"timestamp":"2025-12-31T11:14:42.167329Z","level":"info","event":"HINT:  Perhaps you meant to reference the column \"dd.full_date\".","logger":"task.stdout"}
{"timestamp":"2025-12-31T11:14:42.167888Z","level":"info","event":"","logger":"task.stdout"}
